c:\users\martin\documents\fh technikum\3 semester\inno1\imgui\myapplication\examples\example_glfw_opengl3\debug\vc141.pdb
c:\users\martin\documents\fh technikum\3 semester\inno1\imgui\myapplication\examples\example_glfw_opengl3\debug\vc141.idb
c:\users\martin\documents\fh technikum\3 semester\inno1\imgui\myapplication\examples\example_glfw_opengl3\debug\main.obj
c:\users\martin\documents\fh technikum\3 semester\inno1\imgui\myapplication\examples\example_glfw_opengl3\debug\application.obj
c:\users\martin\documents\fh technikum\3 semester\inno1\imgui\myapplication\examples\example_glfw_opengl3\debug\imgui_impl_opengl3.obj
c:\users\martin\documents\fh technikum\3 semester\inno1\imgui\myapplication\examples\example_glfw_opengl3\debug\imgui_impl_glfw.obj
c:\users\martin\documents\fh technikum\3 semester\inno1\imgui\myapplication\examples\example_glfw_opengl3\debug\imgui_widgets.obj
c:\users\martin\documents\fh technikum\3 semester\inno1\imgui\myapplication\examples\example_glfw_opengl3\debug\imgui_tables.obj
c:\users\martin\documents\fh technikum\3 semester\inno1\imgui\myapplication\examples\example_glfw_opengl3\debug\imgui_draw.obj
c:\users\martin\documents\fh technikum\3 semester\inno1\imgui\myapplication\examples\example_glfw_opengl3\debug\imgui_demo.obj
c:\users\martin\documents\fh technikum\3 semester\inno1\imgui\myapplication\examples\example_glfw_opengl3\debug\imgui.obj
c:\users\martin\documents\fh technikum\3 semester\inno1\imgui\myapplication\examples\example_glfw_opengl3\debug\example_glfw_opengl3.exe
c:\users\martin\documents\fh technikum\3 semester\inno1\imgui\myapplication\examples\example_glfw_opengl3\debug\example_glfw_opengl3.ilk
c:\users\martin\documents\fh technikum\3 semester\inno1\imgui\myapplication\examples\example_glfw_opengl3\debug\example_glfw_opengl3.pdb
c:\users\martin\documents\fh technikum\3 semester\inno1\lol\example_glfw_opengl3\debug\application.obj
c:\users\martin\documents\fh technikum\3 semester\inno1\lol\example_glfw_opengl3\debug\imgui.obj
c:\users\martin\documents\fh technikum\3 semester\inno1\lol\example_glfw_opengl3\debug\imgui_demo.obj
c:\users\martin\documents\fh technikum\3 semester\inno1\lol\example_glfw_opengl3\debug\imgui_draw.obj
c:\users\martin\documents\fh technikum\3 semester\inno1\lol\example_glfw_opengl3\debug\imgui_impl_glfw.obj
c:\users\martin\documents\fh technikum\3 semester\inno1\lol\example_glfw_opengl3\debug\imgui_impl_opengl3.obj
c:\users\martin\documents\fh technikum\3 semester\inno1\lol\example_glfw_opengl3\debug\imgui_tables.obj
c:\users\martin\documents\fh technikum\3 semester\inno1\lol\example_glfw_opengl3\debug\imgui_widgets.obj
c:\users\martin\documents\fh technikum\3 semester\inno1\lol\example_glfw_opengl3\debug\main.obj
c:\users\martin\documents\fh technikum\3 semester\inno1\lol\example_glfw_opengl3\debug\application.obj.enc
c:\users\martin\documents\fh technikum\3 semester\inno1\lol\example_glfw_opengl3\debug\example_glfw_opengl3.ilk
c:\users\martin\documents\fh technikum\3 semester\inno1\lol\example_glfw_opengl3\debug\vc141.idb
c:\users\martin\documents\fh technikum\3 semester\inno1\lol\example_glfw_opengl3\debug\example_glfw_opengl3.pdb
c:\users\martin\documents\fh technikum\3 semester\inno1\lol\example_glfw_opengl3\debug\vc141.pdb
c:\users\martin\documents\fh technikum\3 semester\inno1\lol\example_glfw_opengl3\debug\example_glfw_opengl3.exe
c:\users\martin\documents\fh technikum\3 semester\inno1\lol\example_glfw_opengl3\debug\example_.4a1fb5ea.tlog\cl.command.1.tlog
c:\users\martin\documents\fh technikum\3 semester\inno1\lol\example_glfw_opengl3\debug\example_.4a1fb5ea.tlog\cl.read.1.tlog
c:\users\martin\documents\fh technikum\3 semester\inno1\lol\example_glfw_opengl3\debug\example_.4a1fb5ea.tlog\cl.write.1.tlog
c:\users\martin\documents\fh technikum\3 semester\inno1\lol\example_glfw_opengl3\debug\example_.4a1fb5ea.tlog\link.command.1.tlog
c:\users\martin\documents\fh technikum\3 semester\inno1\lol\example_glfw_opengl3\debug\example_.4a1fb5ea.tlog\link.read.1.tlog
c:\users\martin\documents\fh technikum\3 semester\inno1\lol\example_glfw_opengl3\debug\example_.4a1fb5ea.tlog\link.write.1.tlog
